# JRE version: OpenJDK Runtime Environment (8.0_242-b01) (build 1.8.0_242-release-1644-b01)
# Java VM: OpenJDK 64-Bit Server VM (25.242-b01 mixed mode windows-amd64 compressed oops)
Heap:
 PSYoungGen      total 357888K, used 32587K [0x00000000d5580000, 0x00000000f1d80000, 0x0000000100000000)
  eden space 333824K, 9% used [0x00000000d5580000,0x00000000d7552f28,0x00000000e9b80000)
  from space 24064K, 0% used [0x00000000ed000000,0x00000000ed000000,0x00000000ee780000)
  to   space 53760K, 0% used [0x00000000e9b80000,0x00000000e9b80000,0x00000000ed000000)
 ParOldGen       total 99328K, used 63822K [0x0000000080000000, 0x0000000086100000, 0x00000000d5580000)
  object space 99328K, 64% used [0x0000000080000000,0x0000000083e53b10,0x0000000086100000)
 Metaspace       used 79230K, capacity 83162K, committed 83416K, reserved 1122304K
  class space    used 10684K, capacity 11423K, committed 11520K, reserved 1048576K
GC Heap History (10 events):
Event: 23.152 GC heap before
{Heap before GC invocations=15 (full 3):
 PSYoungGen      total 281088K, used 736K [0x00000000d5580000, 0x00000000e9600000, 0x0000000100000000)
  eden space 260608K, 0% used [0x00000000d5580000,0x00000000d5580000,0x00000000e5400000)
  from space 20480K, 3% used [0x00000000e6880000,0x00000000e6938000,0x00000000e7c80000)
  to   space 20992K, 0% used [0x00000000e5400000,0x00000000e5400000,0x00000000e6880000)
 ParOldGen       total 65024K, used 44307K [0x0000000080000000, 0x0000000083f80000, 0x00000000d5580000)
  object space 65024K, 68% used [0x0000000080000000,0x0000000082b44d98,0x0000000083f80000)
 Metaspace       used 56530K, capacity 58788K, committed 58968K, reserved 1099776K
  class space    used 7727K, capacity 8194K, committed 8320K, reserved 1048576K
Event: 23.731 GC heap after
Heap after GC invocations=15 (full 3):
 PSYoungGen      total 281088K, used 0K [0x00000000d5580000, 0x00000000e9600000, 0x0000000100000000)
  eden space 260608K, 0% used [0x00000000d5580000,0x00000000d5580000,0x00000000e5400000)
  from space 20480K, 0% used [0x00000000e6880000,0x00000000e6880000,0x00000000e7c80000)
  to   space 20992K, 0% used [0x00000000e5400000,0x00000000e5400000,0x00000000e6880000)
 ParOldGen       total 92672K, used 29782K [0x0000000080000000, 0x0000000085a80000, 0x00000000d5580000)
  object space 92672K, 32% used [0x0000000080000000,0x0000000081d15bc0,0x0000000085a80000)
 Metaspace       used 56529K, capacity 58782K, committed 58968K, reserved 1099776K
  class space    used 7727K, capacity 8193K, committed 8320K, reserved 1048576K
}
Event: 32.076 GC heap before
{Heap before GC invocations=16 (full 3):
 PSYoungGen      total 281088K, used 260608K [0x00000000d5580000, 0x00000000e9600000, 0x0000000100000000)
  eden space 260608K, 100% used [0x00000000d5580000,0x00000000e5400000,0x00000000e5400000)
  from space 20480K, 0% used [0x00000000e6880000,0x00000000e6880000,0x00000000e7c80000)
  to   space 20992K, 0% used [0x00000000e5400000,0x00000000e5400000,0x00000000e6880000)
 ParOldGen       total 92672K, used 29782K [0x0000000080000000, 0x0000000085a80000, 0x00000000d5580000)
  object space 92672K, 32% used [0x0000000080000000,0x0000000081d15bc0,0x0000000085a80000)
 Metaspace       used 64223K, capacity 67216K, committed 67544K, reserved 1107968K
  class space    used 8809K, capacity 9376K, committed 9472K, reserved 1048576K
Event: 32.121 GC heap after
Heap after GC invocations=16 (full 3):
 PSYoungGen      total 281600K, used 20912K [0x00000000d5580000, 0x00000000ee780000, 0x0000000100000000)
  eden space 260608K, 0% used [0x00000000d5580000,0x00000000d5580000,0x00000000e5400000)
  from space 20992K, 99% used [0x00000000e5400000,0x00000000e686c268,0x00000000e6880000)
  to   space 24064K, 0% used [0x00000000ed000000,0x00000000ed000000,0x00000000ee780000)
 ParOldGen       total 92672K, used 29790K [0x0000000080000000, 0x0000000085a80000, 0x00000000d5580000)
  object space 92672K, 32% used [0x0000000080000000,0x0000000081d17bc0,0x0000000085a80000)
 Metaspace       used 64223K, capacity 67216K, committed 67544K, reserved 1107968K
  class space    used 8809K, capacity 9376K, committed 9472K, reserved 1048576K
}
Event: 38.780 GC heap before
{Heap before GC invocations=17 (full 3):
 PSYoungGen      total 281600K, used 281503K [0x00000000d5580000, 0x00000000ee780000, 0x0000000100000000)
  eden space 260608K, 99% used [0x00000000d5580000,0x00000000e53fbac0,0x00000000e5400000)
  from space 20992K, 99% used [0x00000000e5400000,0x00000000e686c268,0x00000000e6880000)
  to   space 24064K, 0% used [0x00000000ed000000,0x00000000ed000000,0x00000000ee780000)
 ParOldGen       total 92672K, used 29790K [0x0000000080000000, 0x0000000085a80000, 0x00000000d5580000)
  object space 92672K, 32% used [0x0000000080000000,0x0000000081d17bc0,0x0000000085a80000)
 Metaspace       used 71163K, capacity 74764K, committed 74840K, reserved 1114112K
  class space    used 9905K, capacity 10606K, committed 10624K, reserved 1048576K
Event: 38.978 GC heap after
Heap after GC invocations=17 (full 3):
 PSYoungGen      total 357888K, used 24032K [0x00000000d5580000, 0x00000000f1d80000, 0x0000000100000000)
  eden space 333824K, 0% used [0x00000000d5580000,0x00000000d5580000,0x00000000e9b80000)
  from space 24064K, 99% used [0x00000000ed000000,0x00000000ee778390,0x00000000ee780000)
  to   space 53760K, 0% used [0x00000000e9b80000,0x00000000e9b80000,0x00000000ed000000)
 ParOldGen       total 99328K, used 98919K [0x0000000080000000, 0x0000000086100000, 0x00000000d5580000)
  object space 99328K, 99% used [0x0000000080000000,0x0000000086099f28,0x0000000086100000)
 Metaspace       used 71163K, capacity 74764K, committed 74840K, reserved 1114112K
  class space    used 9905K, capacity 10606K, committed 10624K, reserved 1048576K
}
Event: 38.978 GC heap before
{Heap before GC invocations=18 (full 4):
 PSYoungGen      total 357888K, used 24032K [0x00000000d5580000, 0x00000000f1d80000, 0x0000000100000000)
  eden space 333824K, 0% used [0x00000000d5580000,0x00000000d5580000,0x00000000e9b80000)
  from space 24064K, 99% used [0x00000000ed000000,0x00000000ee778390,0x00000000ee780000)
  to   space 53760K, 0% used [0x00000000e9b80000,0x00000000e9b80000,0x00000000ed000000)
 ParOldGen       total 99328K, used 98919K [0x0000000080000000, 0x0000000086100000, 0x00000000d5580000)
  object space 99328K, 99% used [0x0000000080000000,0x0000000086099f28,0x0000000086100000)
 Metaspace       used 71163K, capacity 74764K, committed 74840K, reserved 1114112K
  class space    used 9905K, capacity 10606K, committed 10624K, reserved 1048576K
Event: 40.389 GC heap after
Heap after GC invocations=18 (full 4):
 PSYoungGen      total 357888K, used 22214K [0x00000000d5580000, 0x00000000f1d80000, 0x0000000100000000)
  eden space 333824K, 0% used [0x00000000d5580000,0x00000000d5580000,0x00000000e9b80000)
  from space 24064K, 92% used [0x00000000ed000000,0x00000000ee5b1960,0x00000000ee780000)
  to   space 53760K, 0% used [0x00000000e9b80000,0x00000000e9b80000,0x00000000ed000000)
 ParOldGen       total 99328K, used 99243K [0x0000000080000000, 0x0000000086100000, 0x00000000d5580000)
  object space 99328K, 99% used [0x0000000080000000,0x00000000860eac68,0x0000000086100000)
 Metaspace       used 71091K, capacity 74550K, committed 74840K, reserved 1114112K
  class space    used 9881K, capacity 10565K, committed 10624K, reserved 1048576K
}
Event: 4222.231 GC heap before
{Heap before GC invocations=19 (full 5):
 PSYoungGen      total 357888K, used 356038K [0x00000000d5580000, 0x00000000f1d80000, 0x0000000100000000)
  eden space 333824K, 100% used [0x00000000d5580000,0x00000000e9b80000,0x00000000e9b80000)
  from space 24064K, 92% used [0x00000000ed000000,0x00000000ee5b1960,0x00000000ee780000)
  to   space 53760K, 0% used [0x00000000e9b80000,0x00000000e9b80000,0x00000000ed000000)
 ParOldGen       total 99328K, used 99243K [0x0000000080000000, 0x0000000086100000, 0x00000000d5580000)
  object space 99328K, 99% used [0x0000000080000000,0x00000000860eac68,0x0000000086100000)
 Metaspace       used 79223K, capacity 83162K, committed 83416K, reserved 1122304K
  class space    used 10684K, capacity 11423K, committed 11520K, reserved 1048576K
Event: 4223.534 GC heap after
Heap after GC invocations=19 (full 5):
 PSYoungGen      total 357888K, used 0K [0x00000000d5580000, 0x00000000f1d80000, 0x0000000100000000)
  eden space 333824K, 0% used [0x00000000d5580000,0x00000000d5580000,0x00000000e9b80000)
  from space 24064K, 0% used [0x00000000ed000000,0x00000000ed000000,0x00000000ee780000)
  to   space 53760K, 0% used [0x00000000e9b80000,0x00000000e9b80000,0x00000000ed000000)
 ParOldGen       total 99328K, used 63822K [0x0000000080000000, 0x0000000086100000, 0x00000000d5580000)
  object space 99328K, 64% used [0x0000000080000000,0x0000000083e53b10,0x0000000086100000)
 Metaspace       used 79223K, capacity 83162K, committed 83416K, reserved 1122304K
  class space    used 10684K, capacity 11423K, committed 11520K, reserved 1048576K
}

