# JRE version: OpenJDK Runtime Environment (8.0_242-b01) (build 1.8.0_242-release-1644-b01)
# Java VM: OpenJDK 64-Bit Server VM (25.242-b01 mixed mode windows-amd64 compressed oops)
Heap:
 PSYoungGen      total 484352K, used 276866K [0x00000000d5580000, 0x00000000f6f80000, 0x0000000100000000)
  eden space 451072K, 54% used [0x00000000d5580000,0x00000000e4368930,0x00000000f0e00000)
  from space 33280K, 99% used [0x00000000f3c00000,0x00000000f5c78248,0x00000000f5c80000)
  to   space 47104K, 0% used [0x00000000f0e00000,0x00000000f0e00000,0x00000000f3c00000)
 ParOldGen       total 99328K, used 76514K [0x0000000080000000, 0x0000000086100000, 0x00000000d5580000)
  object space 99328K, 77% used [0x0000000080000000,0x0000000084ab88d8,0x0000000086100000)
 Metaspace       used 82626K, capacity 86808K, committed 87000K, reserved 1124352K
  class space    used 11133K, capacity 11920K, committed 12032K, reserved 1048576K
GC Heap History (10 events):
Event: 22.326 GC heap before
{Heap before GC invocations=11 (full 2):
 PSYoungGen      total 256512K, used 244736K [0x00000000d5580000, 0x00000000e6080000, 0x0000000100000000)
  eden space 244736K, 100% used [0x00000000d5580000,0x00000000e4480000,0x00000000e4480000)
  from space 11776K, 0% used [0x00000000e5500000,0x00000000e5500000,0x00000000e6080000)
  to   space 14336K, 0% used [0x00000000e4480000,0x00000000e4480000,0x00000000e5280000)
 ParOldGen       total 66560K, used 14471K [0x0000000080000000, 0x0000000084100000, 0x00000000d5580000)
  object space 66560K, 21% used [0x0000000080000000,0x0000000080e21c20,0x0000000084100000)
 Metaspace       used 47708K, capacity 49684K, committed 49880K, reserved 1091584K
  class space    used 6431K, capacity 6818K, committed 6912K, reserved 1048576K
Event: 22.375 GC heap after
Heap after GC invocations=11 (full 2):
 PSYoungGen      total 259072K, used 14322K [0x00000000d5580000, 0x00000000ed080000, 0x0000000100000000)
  eden space 244736K, 0% used [0x00000000d5580000,0x00000000d5580000,0x00000000e4480000)
  from space 14336K, 99% used [0x00000000e4480000,0x00000000e527ca28,0x00000000e5280000)
  to   space 18944K, 0% used [0x00000000ebe00000,0x00000000ebe00000,0x00000000ed080000)
 ParOldGen       total 66560K, used 20260K [0x0000000080000000, 0x0000000084100000, 0x00000000d5580000)
  object space 66560K, 30% used [0x0000000080000000,0x00000000813c90c0,0x0000000084100000)
 Metaspace       used 47708K, capacity 49684K, committed 49880K, reserved 1091584K
  class space    used 6431K, capacity 6818K, committed 6912K, reserved 1048576K
}
Event: 29.989 GC heap before
{Heap before GC invocations=12 (full 2):
 PSYoungGen      total 259072K, used 131534K [0x00000000d5580000, 0x00000000ed080000, 0x0000000100000000)
  eden space 244736K, 47% used [0x00000000d5580000,0x00000000dc7f7048,0x00000000e4480000)
  from space 14336K, 99% used [0x00000000e4480000,0x00000000e527ca28,0x00000000e5280000)
  to   space 18944K, 0% used [0x00000000ebe00000,0x00000000ebe00000,0x00000000ed080000)
 ParOldGen       total 66560K, used 20260K [0x0000000080000000, 0x0000000084100000, 0x00000000d5580000)
  object space 66560K, 30% used [0x0000000080000000,0x00000000813c90c0,0x0000000084100000)
 Metaspace       used 56520K, capacity 58818K, committed 58968K, reserved 1099776K
  class space    used 7721K, capacity 8197K, committed 8320K, reserved 1048576K
Event: 30.067 GC heap after
Heap after GC invocations=12 (full 2):
 PSYoungGen      total 361984K, used 18927K [0x00000000d5580000, 0x00000000ed180000, 0x0000000100000000)
  eden space 343040K, 0% used [0x00000000d5580000,0x00000000d5580000,0x00000000ea480000)
  from space 18944K, 99% used [0x00000000ebe00000,0x00000000ed07bde8,0x00000000ed080000)
  to   space 23040K, 0% used [0x00000000ea480000,0x00000000ea480000,0x00000000ebb00000)
 ParOldGen       total 66560K, used 24729K [0x0000000080000000, 0x0000000084100000, 0x00000000d5580000)
  object space 66560K, 37% used [0x0000000080000000,0x0000000081826558,0x0000000084100000)
 Metaspace       used 56520K, capacity 58818K, committed 58968K, reserved 1099776K
  class space    used 7721K, capacity 8197K, committed 8320K, reserved 1048576K
}
Event: 30.067 GC heap before
{Heap before GC invocations=13 (full 3):
 PSYoungGen      total 361984K, used 18927K [0x00000000d5580000, 0x00000000ed180000, 0x0000000100000000)
  eden space 343040K, 0% used [0x00000000d5580000,0x00000000d5580000,0x00000000ea480000)
  from space 18944K, 99% used [0x00000000ebe00000,0x00000000ed07bde8,0x00000000ed080000)
  to   space 23040K, 0% used [0x00000000ea480000,0x00000000ea480000,0x00000000ebb00000)
 ParOldGen       total 66560K, used 24729K [0x0000000080000000, 0x0000000084100000, 0x00000000d5580000)
  object space 66560K, 37% used [0x0000000080000000,0x0000000081826558,0x0000000084100000)
 Metaspace       used 56520K, capacity 58818K, committed 58968K, reserved 1099776K
  class space    used 7721K, capacity 8197K, committed 8320K, reserved 1048576K
Event: 30.583 GC heap after
Heap after GC invocations=13 (full 3):
 PSYoungGen      total 361984K, used 0K [0x00000000d5580000, 0x00000000ed180000, 0x0000000100000000)
  eden space 343040K, 0% used [0x00000000d5580000,0x00000000d5580000,0x00000000ea480000)
  from space 18944K, 0% used [0x00000000ebe00000,0x00000000ebe00000,0x00000000ed080000)
  to   space 23040K, 0% used [0x00000000ea480000,0x00000000ea480000,0x00000000ebb00000)
 ParOldGen       total 99328K, used 35373K [0x0000000080000000, 0x0000000086100000, 0x00000000d5580000)
  object space 99328K, 35% used [0x0000000080000000,0x000000008228b5f0,0x0000000086100000)
 Metaspace       used 56513K, capacity 58794K, committed 58968K, reserved 1099776K
  class space    used 7718K, capacity 8193K, committed 8320K, reserved 1048576K
}
Event: 61.042 GC heap before
{Heap before GC invocations=14 (full 3):
 PSYoungGen      total 361984K, used 343040K [0x00000000d5580000, 0x00000000ed180000, 0x0000000100000000)
  eden space 343040K, 100% used [0x00000000d5580000,0x00000000ea480000,0x00000000ea480000)
  from space 18944K, 0% used [0x00000000ebe00000,0x00000000ebe00000,0x00000000ed080000)
  to   space 23040K, 0% used [0x00000000ea480000,0x00000000ea480000,0x00000000ebb00000)
 ParOldGen       total 99328K, used 35373K [0x0000000080000000, 0x0000000086100000, 0x00000000d5580000)
  object space 99328K, 35% used [0x0000000080000000,0x000000008228b5f0,0x0000000086100000)
 Metaspace       used 66027K, capacity 69044K, committed 69208K, reserved 1110016K
  class space    used 8992K, capacity 9562K, committed 9600K, reserved 1048576K
Event: 61.235 GC heap after
Heap after GC invocations=14 (full 3):
 PSYoungGen      total 366080K, used 23032K [0x00000000d5580000, 0x00000000f5c80000, 0x0000000100000000)
  eden space 343040K, 0% used [0x00000000d5580000,0x00000000d5580000,0x00000000ea480000)
  from space 23040K, 99% used [0x00000000ea480000,0x00000000ebafe3d8,0x00000000ebb00000)
  to   space 33280K, 0% used [0x00000000f3c00000,0x00000000f3c00000,0x00000000f5c80000)
 ParOldGen       total 99328K, used 53125K [0x0000000080000000, 0x0000000086100000, 0x00000000d5580000)
  object space 99328K, 53% used [0x0000000080000000,0x00000000833e1638,0x0000000086100000)
 Metaspace       used 66027K, capacity 69044K, committed 69208K, reserved 1110016K
  class space    used 8992K, capacity 9562K, committed 9600K, reserved 1048576K
}
Event: 88.641 GC heap before
{Heap before GC invocations=15 (full 3):
 PSYoungGen      total 366080K, used 366072K [0x00000000d5580000, 0x00000000f5c80000, 0x0000000100000000)
  eden space 343040K, 100% used [0x00000000d5580000,0x00000000ea480000,0x00000000ea480000)
  from space 23040K, 99% used [0x00000000ea480000,0x00000000ebafe3d8,0x00000000ebb00000)
  to   space 33280K, 0% used [0x00000000f3c00000,0x00000000f3c00000,0x00000000f5c80000)
 ParOldGen       total 99328K, used 53125K [0x0000000080000000, 0x0000000086100000, 0x00000000d5580000)
  object space 99328K, 53% used [0x0000000080000000,0x00000000833e1638,0x0000000086100000)
 Metaspace       used 74639K, capacity 78022K, committed 78296K, reserved 1116160K
  class space    used 10027K, capacity 10671K, committed 10752K, reserved 1048576K
Event: 89.056 GC heap after
Heap after GC invocations=15 (full 3):
 PSYoungGen      total 484352K, used 33248K [0x00000000d5580000, 0x00000000f6f80000, 0x0000000100000000)
  eden space 451072K, 0% used [0x00000000d5580000,0x00000000d5580000,0x00000000f0e00000)
  from space 33280K, 99% used [0x00000000f3c00000,0x00000000f5c78248,0x00000000f5c80000)
  to   space 47104K, 0% used [0x00000000f0e00000,0x00000000f0e00000,0x00000000f3c00000)
 ParOldGen       total 99328K, used 76514K [0x0000000080000000, 0x0000000086100000, 0x00000000d5580000)
  object space 99328K, 77% used [0x0000000080000000,0x0000000084ab88d8,0x0000000086100000)
 Metaspace       used 74639K, capacity 78022K, committed 78296K, reserved 1116160K
  class space    used 10027K, capacity 10671K, committed 10752K, reserved 1048576K
}

