# JRE version: OpenJDK Runtime Environment (8.0_242-b01) (build 1.8.0_242-release-1644-b01)
# Java VM: OpenJDK 64-Bit Server VM (25.242-b01 mixed mode windows-amd64 compressed oops)
Heap:
 PSYoungGen      total 366592K, used 30226K [0x00000000d5580000, 0x00000000f0680000, 0x0000000100000000)
  eden space 326144K, 2% used [0x00000000d5580000,0x00000000d5d14310,0x00000000e9400000)
  from space 40448K, 55% used [0x00000000e9400000,0x00000000ea9f0698,0x00000000ebb80000)
  to   space 30208K, 0% used [0x00000000ebb80000,0x00000000ebb80000,0x00000000ed900000)
 ParOldGen       total 217088K, used 118218K [0x0000000080000000, 0x000000008d400000, 0x00000000d5580000)
  object space 217088K, 54% used [0x0000000080000000,0x0000000087372998,0x000000008d400000)
 Metaspace       used 89254K, capacity 93510K, committed 93784K, reserved 1130496K
  class space    used 12044K, capacity 12860K, committed 12928K, reserved 1048576K
GC Heap History (10 events):
Event: 31.567 GC heap before
{Heap before GC invocations=15 (full 3):
 PSYoungGen      total 205312K, used 192000K [0x00000000d5580000, 0x00000000e8380000, 0x0000000100000000)
  eden space 192000K, 100% used [0x00000000d5580000,0x00000000e1100000,0x00000000e1100000)
  from space 13312K, 0% used [0x00000000e1100000,0x00000000e1100000,0x00000000e1e00000)
  to   space 20480K, 0% used [0x00000000e6f80000,0x00000000e6f80000,0x00000000e8380000)
 ParOldGen       total 101888K, used 40034K [0x0000000080000000, 0x0000000086380000, 0x00000000d5580000)
  object space 101888K, 39% used [0x0000000080000000,0x00000000827188a0,0x0000000086380000)
 Metaspace       used 63762K, capacity 66572K, committed 66648K, reserved 1105920K
  class space    used 8757K, capacity 9304K, committed 9344K, reserved 1048576K
Event: 31.603 GC heap after
Heap after GC invocations=15 (full 3):
 PSYoungGen      total 273920K, used 16576K [0x00000000d5580000, 0x00000000e8000000, 0x0000000100000000)
  eden space 257024K, 0% used [0x00000000d5580000,0x00000000d5580000,0x00000000e5080000)
  from space 16896K, 98% used [0x00000000e6f80000,0x00000000e7fb0188,0x00000000e8000000)
  to   space 22016K, 0% used [0x00000000e5500000,0x00000000e5500000,0x00000000e6a80000)
 ParOldGen       total 101888K, used 40042K [0x0000000080000000, 0x0000000086380000, 0x00000000d5580000)
  object space 101888K, 39% used [0x0000000080000000,0x000000008271a8a0,0x0000000086380000)
 Metaspace       used 63762K, capacity 66572K, committed 66648K, reserved 1105920K
  class space    used 8757K, capacity 9304K, committed 9344K, reserved 1048576K
}
Event: 37.629 GC heap before
{Heap before GC invocations=16 (full 3):
 PSYoungGen      total 273920K, used 273600K [0x00000000d5580000, 0x00000000e8000000, 0x0000000100000000)
  eden space 257024K, 100% used [0x00000000d5580000,0x00000000e5080000,0x00000000e5080000)
  from space 16896K, 98% used [0x00000000e6f80000,0x00000000e7fb0188,0x00000000e8000000)
  to   space 22016K, 0% used [0x00000000e5500000,0x00000000e5500000,0x00000000e6a80000)
 ParOldGen       total 101888K, used 40042K [0x0000000080000000, 0x0000000086380000, 0x00000000d5580000)
  object space 101888K, 39% used [0x0000000080000000,0x000000008271a8a0,0x0000000086380000)
 Metaspace       used 79198K, capacity 82464K, committed 82648K, reserved 1120256K
  class space    used 10540K, capacity 11209K, committed 11264K, reserved 1048576K
Event: 37.686 GC heap after
Heap after GC invocations=16 (full 3):
 PSYoungGen      total 283648K, used 22003K [0x00000000d5580000, 0x00000000ed900000, 0x0000000100000000)
  eden space 261632K, 0% used [0x00000000d5580000,0x00000000d5580000,0x00000000e5500000)
  from space 22016K, 99% used [0x00000000e5500000,0x00000000e6a7cf18,0x00000000e6a80000)
  to   space 30208K, 0% used [0x00000000ebb80000,0x00000000ebb80000,0x00000000ed900000)
 ParOldGen       total 101888K, used 52428K [0x0000000080000000, 0x0000000086380000, 0x00000000d5580000)
  object space 101888K, 51% used [0x0000000080000000,0x0000000083333108,0x0000000086380000)
 Metaspace       used 79198K, capacity 82464K, committed 82648K, reserved 1120256K
  class space    used 10540K, capacity 11209K, committed 11264K, reserved 1048576K
}
Event: 40.528 GC heap before
{Heap before GC invocations=17 (full 3):
 PSYoungGen      total 283648K, used 283635K [0x00000000d5580000, 0x00000000ed900000, 0x0000000100000000)
  eden space 261632K, 100% used [0x00000000d5580000,0x00000000e5500000,0x00000000e5500000)
  from space 22016K, 99% used [0x00000000e5500000,0x00000000e6a7cf18,0x00000000e6a80000)
  to   space 30208K, 0% used [0x00000000ebb80000,0x00000000ebb80000,0x00000000ed900000)
 ParOldGen       total 101888K, used 52428K [0x0000000080000000, 0x0000000086380000, 0x00000000d5580000)
  object space 101888K, 51% used [0x0000000080000000,0x0000000083333108,0x0000000086380000)
 Metaspace       used 87524K, capacity 91738K, committed 91992K, reserved 1128448K
  class space    used 11842K, capacity 12648K, committed 12672K, reserved 1048576K
Event: 40.842 GC heap after
Heap after GC invocations=17 (full 3):
 PSYoungGen      total 356352K, used 30201K [0x00000000d5580000, 0x00000000f0680000, 0x0000000100000000)
  eden space 326144K, 0% used [0x00000000d5580000,0x00000000d5580000,0x00000000e9400000)
  from space 30208K, 99% used [0x00000000ebb80000,0x00000000ed8fe7e0,0x00000000ed900000)
  to   space 40448K, 0% used [0x00000000e9400000,0x00000000e9400000,0x00000000ebb80000)
 ParOldGen       total 101888K, used 66844K [0x0000000080000000, 0x0000000086380000, 0x00000000d5580000)
  object space 101888K, 65% used [0x0000000080000000,0x0000000084147258,0x0000000086380000)
 Metaspace       used 87524K, capacity 91738K, committed 91992K, reserved 1128448K
  class space    used 11842K, capacity 12648K, committed 12672K, reserved 1048576K
}
Event: 47.098 GC heap before
{Heap before GC invocations=18 (full 3):
 PSYoungGen      total 356352K, used 356345K [0x00000000d5580000, 0x00000000f0680000, 0x0000000100000000)
  eden space 326144K, 100% used [0x00000000d5580000,0x00000000e9400000,0x00000000e9400000)
  from space 30208K, 99% used [0x00000000ebb80000,0x00000000ed8fe7e0,0x00000000ed900000)
  to   space 40448K, 0% used [0x00000000e9400000,0x00000000e9400000,0x00000000ebb80000)
 ParOldGen       total 101888K, used 66844K [0x0000000080000000, 0x0000000086380000, 0x00000000d5580000)
  object space 101888K, 65% used [0x0000000080000000,0x0000000084147258,0x0000000086380000)
 Metaspace       used 89282K, capacity 93610K, committed 93784K, reserved 1130496K
  class space    used 12057K, capacity 12884K, committed 12928K, reserved 1048576K
Event: 47.936 GC heap after
Heap after GC invocations=18 (full 3):
 PSYoungGen      total 366592K, used 40426K [0x00000000d5580000, 0x00000000f0680000, 0x0000000100000000)
  eden space 326144K, 0% used [0x00000000d5580000,0x00000000d5580000,0x00000000e9400000)
  from space 40448K, 99% used [0x00000000e9400000,0x00000000ebb7a8a0,0x00000000ebb80000)
  to   space 30208K, 0% used [0x00000000ebb80000,0x00000000ebb80000,0x00000000ed900000)
 ParOldGen       total 118272K, used 117935K [0x0000000080000000, 0x0000000087380000, 0x00000000d5580000)
  object space 118272K, 99% used [0x0000000080000000,0x000000008732bc78,0x0000000087380000)
 Metaspace       used 89282K, capacity 93610K, committed 93784K, reserved 1130496K
  class space    used 12057K, capacity 12884K, committed 12928K, reserved 1048576K
}
Event: 47.936 GC heap before
{Heap before GC invocations=19 (full 4):
 PSYoungGen      total 366592K, used 40426K [0x00000000d5580000, 0x00000000f0680000, 0x0000000100000000)
  eden space 326144K, 0% used [0x00000000d5580000,0x00000000d5580000,0x00000000e9400000)
  from space 40448K, 99% used [0x00000000e9400000,0x00000000ebb7a8a0,0x00000000ebb80000)
  to   space 30208K, 0% used [0x00000000ebb80000,0x00000000ebb80000,0x00000000ed900000)
 ParOldGen       total 118272K, used 117935K [0x0000000080000000, 0x0000000087380000, 0x00000000d5580000)
  object space 118272K, 99% used [0x0000000080000000,0x000000008732bc78,0x0000000087380000)
 Metaspace       used 89282K, capacity 93610K, committed 93784K, reserved 1130496K
  class space    used 12057K, capacity 12884K, committed 12928K, reserved 1048576K
Event: 51.191 GC heap after
Heap after GC invocations=19 (full 4):
 PSYoungGen      total 366592K, used 22465K [0x00000000d5580000, 0x00000000f0680000, 0x0000000100000000)
  eden space 326144K, 0% used [0x00000000d5580000,0x00000000d5580000,0x00000000e9400000)
  from space 40448K, 55% used [0x00000000e9400000,0x00000000ea9f0698,0x00000000ebb80000)
  to   space 30208K, 0% used [0x00000000ebb80000,0x00000000ebb80000,0x00000000ed900000)
 ParOldGen       total 217088K, used 118218K [0x0000000080000000, 0x000000008d400000, 0x00000000d5580000)
  object space 217088K, 54% used [0x0000000080000000,0x0000000087372998,0x000000008d400000)
 Metaspace       used 89240K, capacity 93498K, committed 93784K, reserved 1130496K
  class space    used 12042K, capacity 12858K, committed 12928K, reserved 1048576K
}

