# JRE version: OpenJDK Runtime Environment (8.0_242-b01) (build 1.8.0_242-release-1644-b01)
# Java VM: OpenJDK 64-Bit Server VM (25.242-b01 mixed mode windows-amd64 compressed oops)
Heap:
 PSYoungGen      total 256512K, used 42021K [0x00000000d5580000, 0x00000000e8980000, 0x0000000100000000)
  eden space 223232K, 18% used [0x00000000d5580000,0x00000000d7e89498,0x00000000e2f80000)
  from space 33280K, 0% used [0x00000000e2f80000,0x00000000e2f80000,0x00000000e5000000)
  to   space 31744K, 0% used [0x00000000e6a80000,0x00000000e6a80000,0x00000000e8980000)
 ParOldGen       total 136192K, used 62176K [0x0000000080000000, 0x0000000088500000, 0x00000000d5580000)
  object space 136192K, 45% used [0x0000000080000000,0x0000000083cb8020,0x0000000088500000)
 Metaspace       used 96156K, capacity 100436K, committed 100864K, reserved 1136640K
  class space    used 12564K, capacity 13452K, committed 13568K, reserved 1048576K
GC Heap History (10 events):
Event: 23.672 GC heap before
{Heap before GC invocations=17 (full 3):
 PSYoungGen      total 185344K, used 179655K [0x00000000d5580000, 0x00000000e4300000, 0x0000000100000000)
  eden space 164864K, 100% used [0x00000000d5580000,0x00000000df680000,0x00000000df680000)
  from space 20480K, 72% used [0x00000000df680000,0x00000000e04f1f50,0x00000000e0a80000)
  to   space 21504K, 0% used [0x00000000e2e00000,0x00000000e2e00000,0x00000000e4300000)
 ParOldGen       total 136192K, used 35083K [0x0000000080000000, 0x0000000088500000, 0x00000000d5580000)
  object space 136192K, 25% used [0x0000000080000000,0x0000000082242fc8,0x0000000088500000)
 Metaspace       used 77534K, capacity 81126K, committed 81408K, reserved 1120256K
  class space    used 10525K, capacity 11199K, committed 11264K, reserved 1048576K
Event: 23.742 GC heap after
Heap after GC invocations=17 (full 3):
 PSYoungGen      total 217600K, used 21483K [0x00000000d5580000, 0x00000000e4a80000, 0x0000000100000000)
  eden space 196096K, 0% used [0x00000000d5580000,0x00000000d5580000,0x00000000e1500000)
  from space 21504K, 99% used [0x00000000e2e00000,0x00000000e42fafb8,0x00000000e4300000)
  to   space 25600K, 0% used [0x00000000e1500000,0x00000000e1500000,0x00000000e2e00000)
 ParOldGen       total 136192K, used 38784K [0x0000000080000000, 0x0000000088500000, 0x00000000d5580000)
  object space 136192K, 28% used [0x0000000080000000,0x00000000825e0340,0x0000000088500000)
 Metaspace       used 77534K, capacity 81126K, committed 81408K, reserved 1120256K
  class space    used 10525K, capacity 11199K, committed 11264K, reserved 1048576K
}
Event: 226.994 GC heap before
{Heap before GC invocations=18 (full 3):
 PSYoungGen      total 217600K, used 217579K [0x00000000d5580000, 0x00000000e4a80000, 0x0000000100000000)
  eden space 196096K, 100% used [0x00000000d5580000,0x00000000e1500000,0x00000000e1500000)
  from space 21504K, 99% used [0x00000000e2e00000,0x00000000e42fafb8,0x00000000e4300000)
  to   space 25600K, 0% used [0x00000000e1500000,0x00000000e1500000,0x00000000e2e00000)
 ParOldGen       total 136192K, used 38784K [0x0000000080000000, 0x0000000088500000, 0x00000000d5580000)
  object space 136192K, 28% used [0x0000000080000000,0x00000000825e0340,0x0000000088500000)
 Metaspace       used 87380K, capacity 91488K, committed 91648K, reserved 1128448K
  class space    used 11586K, capacity 12442K, committed 12544K, reserved 1048576K
Event: 227.052 GC heap after
Heap after GC invocations=18 (full 3):
 PSYoungGen      total 221696K, used 16284K [0x00000000d5580000, 0x00000000e6980000, 0x0000000100000000)
  eden space 196096K, 0% used [0x00000000d5580000,0x00000000d5580000,0x00000000e1500000)
  from space 25600K, 63% used [0x00000000e1500000,0x00000000e24e7070,0x00000000e2e00000)
  to   space 26112K, 0% used [0x00000000e5000000,0x00000000e5000000,0x00000000e6980000)
 ParOldGen       total 136192K, used 57128K [0x0000000080000000, 0x0000000088500000, 0x00000000d5580000)
  object space 136192K, 41% used [0x0000000080000000,0x00000000837ca3a8,0x0000000088500000)
 Metaspace       used 87380K, capacity 91488K, committed 91648K, reserved 1128448K
  class space    used 11586K, capacity 12442K, committed 12544K, reserved 1048576K
}
Event: 233.013 GC heap before
{Heap before GC invocations=19 (full 3):
 PSYoungGen      total 221696K, used 212380K [0x00000000d5580000, 0x00000000e6980000, 0x0000000100000000)
  eden space 196096K, 100% used [0x00000000d5580000,0x00000000e1500000,0x00000000e1500000)
  from space 25600K, 63% used [0x00000000e1500000,0x00000000e24e7070,0x00000000e2e00000)
  to   space 26112K, 0% used [0x00000000e5000000,0x00000000e5000000,0x00000000e6980000)
 ParOldGen       total 136192K, used 57128K [0x0000000080000000, 0x0000000088500000, 0x00000000d5580000)
  object space 136192K, 41% used [0x0000000080000000,0x00000000837ca3a8,0x0000000088500000)
 Metaspace       used 89861K, capacity 94182K, committed 94464K, reserved 1130496K
  class space    used 11854K, capacity 12753K, committed 12800K, reserved 1048576K
Event: 233.080 GC heap after
Heap after GC invocations=19 (full 3):
 PSYoungGen      total 249344K, used 26082K [0x00000000d5580000, 0x00000000e7780000, 0x0000000100000000)
  eden space 223232K, 0% used [0x00000000d5580000,0x00000000d5580000,0x00000000e2f80000)
  from space 26112K, 99% used [0x00000000e5000000,0x00000000e6978aa0,0x00000000e6980000)
  to   space 33280K, 0% used [0x00000000e2f80000,0x00000000e2f80000,0x00000000e5000000)
 ParOldGen       total 136192K, used 66645K [0x0000000080000000, 0x0000000088500000, 0x00000000d5580000)
  object space 136192K, 48% used [0x0000000080000000,0x0000000084115480,0x0000000088500000)
 Metaspace       used 89861K, capacity 94182K, committed 94464K, reserved 1130496K
  class space    used 11854K, capacity 12753K, committed 12800K, reserved 1048576K
}
Event: 243.073 GC heap before
{Heap before GC invocations=20 (full 3):
 PSYoungGen      total 249344K, used 208669K [0x00000000d5580000, 0x00000000e7780000, 0x0000000100000000)
  eden space 223232K, 81% used [0x00000000d5580000,0x00000000e07ced50,0x00000000e2f80000)
  from space 26112K, 99% used [0x00000000e5000000,0x00000000e6978aa0,0x00000000e6980000)
  to   space 33280K, 0% used [0x00000000e2f80000,0x00000000e2f80000,0x00000000e5000000)
 ParOldGen       total 136192K, used 66645K [0x0000000080000000, 0x0000000088500000, 0x00000000d5580000)
  object space 136192K, 48% used [0x0000000080000000,0x0000000084115480,0x0000000088500000)
 Metaspace       used 93967K, capacity 98340K, committed 98496K, reserved 1134592K
  class space    used 12290K, capacity 13196K, committed 13312K, reserved 1048576K
Event: 243.268 GC heap after
Heap after GC invocations=20 (full 3):
 PSYoungGen      total 256512K, used 12020K [0x00000000d5580000, 0x00000000e8980000, 0x0000000100000000)
  eden space 223232K, 0% used [0x00000000d5580000,0x00000000d5580000,0x00000000e2f80000)
  from space 33280K, 36% used [0x00000000e2f80000,0x00000000e3b3d0b8,0x00000000e5000000)
  to   space 31744K, 0% used [0x00000000e6a80000,0x00000000e6a80000,0x00000000e8980000)
 ParOldGen       total 136192K, used 92109K [0x0000000080000000, 0x0000000088500000, 0x00000000d5580000)
  object space 136192K, 67% used [0x0000000080000000,0x00000000859f3468,0x0000000088500000)
 Metaspace       used 93967K, capacity 98340K, committed 98496K, reserved 1134592K
  class space    used 12290K, capacity 13196K, committed 13312K, reserved 1048576K
}
Event: 243.268 GC heap before
{Heap before GC invocations=21 (full 4):
 PSYoungGen      total 256512K, used 12020K [0x00000000d5580000, 0x00000000e8980000, 0x0000000100000000)
  eden space 223232K, 0% used [0x00000000d5580000,0x00000000d5580000,0x00000000e2f80000)
  from space 33280K, 36% used [0x00000000e2f80000,0x00000000e3b3d0b8,0x00000000e5000000)
  to   space 31744K, 0% used [0x00000000e6a80000,0x00000000e6a80000,0x00000000e8980000)
 ParOldGen       total 136192K, used 92109K [0x0000000080000000, 0x0000000088500000, 0x00000000d5580000)
  object space 136192K, 67% used [0x0000000080000000,0x00000000859f3468,0x0000000088500000)
 Metaspace       used 93967K, capacity 98340K, committed 98496K, reserved 1134592K
  class space    used 12290K, capacity 13196K, committed 13312K, reserved 1048576K
Event: 243.919 GC heap after
Heap after GC invocations=21 (full 4):
 PSYoungGen      total 256512K, used 0K [0x00000000d5580000, 0x00000000e8980000, 0x0000000100000000)
  eden space 223232K, 0% used [0x00000000d5580000,0x00000000d5580000,0x00000000e2f80000)
  from space 33280K, 0% used [0x00000000e2f80000,0x00000000e2f80000,0x00000000e5000000)
  to   space 31744K, 0% used [0x00000000e6a80000,0x00000000e6a80000,0x00000000e8980000)
 ParOldGen       total 136192K, used 62176K [0x0000000080000000, 0x0000000088500000, 0x00000000d5580000)
  object space 136192K, 45% used [0x0000000080000000,0x0000000083cb8020,0x0000000088500000)
 Metaspace       used 93906K, capacity 98156K, committed 98496K, reserved 1134592K
  class space    used 12270K, capacity 13162K, committed 13312K, reserved 1048576K
}

